<?xml version="1.0" encoding="UTF-8"?>
<testsuite name="org.example.CalculadorCombustibleTest" tests="2" skipped="0" failures="0" errors="0" timestamp="2024-07-23T23:55:16" hostname="MacBook-Air.local" time="0.001">
  <properties/>
  <testcase name="getInstance()" classname="org.example.CalculadorCombustibleTest" time="0.0"/>
  <testcase name="calcularCombustible()" classname="org.example.CalculadorCombustibleTest" time="0.001"/>
  <system-out><![CDATA[]]></system-out>
  <system-err><![CDATA[]]></system-err>
</testsuite>
