<?xml version="1.0" encoding="UTF-8"?>
<testsuite name="org.example.AvionPrivadoTest" tests="2" skipped="0" failures="0" errors="0" timestamp="2024-07-25T21:51:13" hostname="MacBook-Air.local" time="0.002">
  <properties/>
  <testcase name="volar()" classname="org.example.AvionPrivadoTest" time="0.001"/>
  <testcase name="getCombustible()" classname="org.example.AvionPrivadoTest" time="0.0"/>
  <system-out><![CDATA[]]></system-out>
  <system-err><![CDATA[]]></system-err>
</testsuite>
