<?xml version="1.0" encoding="UTF-8"?>
<testsuite name="org.example.StreamBenchmarkTest" tests="1" skipped="0" failures="0" errors="0" timestamp="2024-07-23T23:55:16" hostname="MacBook-Air.local" time="0.581">
  <properties/>
  <testcase name="main()" classname="org.example.StreamBenchmarkTest" time="0.581"/>
  <system-out><![CDATA[]]></system-out>
  <system-err><![CDATA[]]></system-err>
</testsuite>
